android/app/build/intermediates/manifest_merge_blame_file/release/manifest-merger-blame-release-report.txt
1<?xml version="1.0" encoding="utf-8"?>
2<manifest xmlns:android="http://schemas.android.com/apk/res/android"
3    package="com.eczanem_nerede"
4    android:versionCode="1"
5    android:versionName="1.0" >
6
7    <uses-sdk
8        android:minSdkVersion="21"
8-->src/main/AndroidManifest.xml
9        android:targetSdkVersion="29" />
9-->src/main/AndroidManifest.xml
10
11    <uses-permission android:name="android.permission.INTERNET" />
11-->src/main/AndroidManifest.xml:4:5-67
11-->src/main/AndroidManifest.xml:4:22-64
12    <uses-permission android:name="android.permission.ACCESS_COARSE_LOCATION" />
12-->[:react-native-maps] AndroidManifest.xml:10:5-81
12-->[:react-native-maps] AndroidManifest.xml:10:22-78
13    <uses-permission android:name="android.permission.WAKE_LOCK" />
13-->[:react-native-firebase_auth] AndroidManifest.xml:12:5-68
13-->[:react-native-firebase_auth] AndroidManifest.xml:12:22-65
14    <uses-permission android:name="android.permission.ACCESS_NETWORK_STATE" />
14-->[:react-native-firebase_auth] AndroidManifest.xml:13:5-79
14-->[:react-native-firebase_auth] AndroidManifest.xml:13:22-76
15
16    <uses-feature
16-->[com.google.android.gms:play-services-maps:17.0.0] AndroidManifest.xml:26:5-28:35
17        android:glEsVersion="0x00020000"
17-->[com.google.android.gms:play-services-maps:17.0.0] AndroidManifest.xml:27:9-41
18        android:required="true" />
18-->[com.google.android.gms:play-services-maps:17.0.0] AndroidManifest.xml:28:9-32
19
20    <application
20-->src/main/AndroidManifest.xml:6:5-33:19
21        android:name="com.eczanem_nerede.MainApplication"
21-->src/main/AndroidManifest.xml:7:7-38
22        android:allowBackup="false"
22-->src/main/AndroidManifest.xml:11:7-34
23        android:appComponentFactory="androidx.core.app.CoreComponentFactory"
23-->[androidx.core:core:1.2.0] AndroidManifest.xml:24:18-86
24        android:icon="@mipmap/ic_launcher"
24-->src/main/AndroidManifest.xml:9:7-41
25        android:label="@string/app_name"
25-->src/main/AndroidManifest.xml:8:7-39
26        android:roundIcon="@mipmap/ic_launcher_round"
26-->src/main/AndroidManifest.xml:10:7-52
27        android:theme="@style/AppTheme" >
27-->src/main/AndroidManifest.xml:12:7-38
28
29        <!-- You will only need to add this meta-data tag, but make sure it's a child of application -->
30        <meta-data
30-->src/main/AndroidManifest.xml:15:7-17:64
31            android:name="com.google.android.geo.API_KEY"
31-->src/main/AndroidManifest.xml:16:7-52
32            android:value="AIzaSyBA_D1NSjfbSitLbwhPSrdBpzUX0etXmCo" />
32-->src/main/AndroidManifest.xml:17:7-62
33
34        <!-- You will also only need to add this uses-library tag -->
35        <uses-library
35-->src/main/AndroidManifest.xml:20:7-85
36            android:name="org.apache.http.legacy"
36-->src/main/AndroidManifest.xml:20:21-58
37            android:required="false" />
37-->src/main/AndroidManifest.xml:20:59-83
38
39        <activity
39-->src/main/AndroidManifest.xml:22:7-32:18
40            android:name="com.eczanem_nerede.MainActivity"
40-->src/main/AndroidManifest.xml:23:9-37
41            android:configChanges="keyboard|keyboardHidden|orientation|screenSize|uiMode"
41-->src/main/AndroidManifest.xml:25:9-86
42            android:label="@string/app_name"
42-->src/main/AndroidManifest.xml:24:9-41
43            android:launchMode="singleTask"
43-->src/main/AndroidManifest.xml:26:9-40
44            android:windowSoftInputMode="adjustUnspecified" >
44-->src/main/AndroidManifest.xml:27:9-56
45            <intent-filter>
45-->src/main/AndroidManifest.xml:28:9-31:25
46                <action android:name="android.intent.action.MAIN" />
46-->src/main/AndroidManifest.xml:29:13-65
46-->src/main/AndroidManifest.xml:29:21-62
47
48                <category android:name="android.intent.category.LAUNCHER" />
48-->src/main/AndroidManifest.xml:30:13-73
48-->src/main/AndroidManifest.xml:30:23-70
49            </intent-filter>
50        </activity>
51
52        <meta-data
52-->[:react-native-firebase_app] AndroidManifest.xml:12:9-14:36
53            android:name="app_data_collection_default_enabled"
53-->[:react-native-firebase_app] AndroidManifest.xml:13:13-63
54            android:value="true" />
54-->[:react-native-firebase_app] AndroidManifest.xml:14:13-33
55
56        <service
56-->[:react-native-firebase_app] AndroidManifest.xml:16:9-20:19
57            android:name="com.google.firebase.components.ComponentDiscoveryService"
57-->[:react-native-firebase_app] AndroidManifest.xml:16:18-89
58            android:directBootAware="true"
58-->[com.google.firebase:firebase-common:20.0.0] AndroidManifest.xml:35:13-43
59            android:exported="false" >
59-->[com.google.firebase:firebase-auth:21.0.1] AndroidManifest.xml:76:13-37
60            <meta-data
60-->[:react-native-firebase_app] AndroidManifest.xml:17:13-19:85
61                android:name="com.google.firebase.components:io.invertase.firebase.app.ReactNativeFirebaseAppRegistrar"
61-->[:react-native-firebase_app] AndroidManifest.xml:18:17-120
62                android:value="com.google.firebase.components.ComponentRegistrar" />
62-->[:react-native-firebase_app] AndroidManifest.xml:19:17-82
63            <meta-data
63-->[com.google.firebase:firebase-auth:21.0.1] AndroidManifest.xml:77:13-79:85
64                android:name="com.google.firebase.components:com.google.firebase.auth.FirebaseAuthRegistrar"
64-->[com.google.firebase:firebase-auth:21.0.1] AndroidManifest.xml:78:17-109
65                android:value="com.google.firebase.components.ComponentRegistrar" />
65-->[com.google.firebase:firebase-auth:21.0.1] AndroidManifest.xml:79:17-82
66        </service>
67
68        <provider
68-->[:react-native-firebase_app] AndroidManifest.xml:22:9-26:38
69            android:name="io.invertase.firebase.app.ReactNativeFirebaseAppInitProvider"
69-->[:react-native-firebase_app] AndroidManifest.xml:23:13-88
70            android:authorities="com.eczanem_nerede.reactnativefirebaseappinitprovider"
70-->[:react-native-firebase_app] AndroidManifest.xml:24:13-86
71            android:exported="false"
71-->[:react-native-firebase_app] AndroidManifest.xml:25:13-37
72            android:initOrder="99" />
72-->[:react-native-firebase_app] AndroidManifest.xml:26:13-35
73
74        <activity
74-->[com.google.firebase:firebase-auth:21.0.1] AndroidManifest.xml:27:9-44:20
75            android:name="com.google.firebase.auth.internal.GenericIdpActivity"
75-->[com.google.firebase:firebase-auth:21.0.1] AndroidManifest.xml:28:13-80
76            android:excludeFromRecents="true"
76-->[com.google.firebase:firebase-auth:21.0.1] AndroidManifest.xml:29:13-46
77            android:exported="true"
77-->[com.google.firebase:firebase-auth:21.0.1] AndroidManifest.xml:30:13-36
78            android:launchMode="singleTask"
78-->[com.google.firebase:firebase-auth:21.0.1] AndroidManifest.xml:31:13-44
79            android:theme="@android:style/Theme.Translucent.NoTitleBar" >
79-->[com.google.firebase:firebase-auth:21.0.1] AndroidManifest.xml:32:13-72
80            <intent-filter>
80-->[com.google.firebase:firebase-auth:21.0.1] AndroidManifest.xml:33:13-43:29
81                <action android:name="android.intent.action.VIEW" />
81-->[com.google.firebase:firebase-auth:21.0.1] AndroidManifest.xml:34:17-69
81-->[com.google.firebase:firebase-auth:21.0.1] AndroidManifest.xml:34:25-66
82
83                <category android:name="android.intent.category.DEFAULT" />
83-->[com.google.firebase:firebase-auth:21.0.1] AndroidManifest.xml:36:17-76
83-->[com.google.firebase:firebase-auth:21.0.1] AndroidManifest.xml:36:27-73
84                <category android:name="android.intent.category.BROWSABLE" />
84-->[com.google.firebase:firebase-auth:21.0.1] AndroidManifest.xml:37:17-78
84-->[com.google.firebase:firebase-auth:21.0.1] AndroidManifest.xml:37:27-75
85
86                <data
86-->[com.google.firebase:firebase-auth:21.0.1] AndroidManifest.xml:39:17-42:51
87                    android:host="firebase.auth"
87-->[com.google.firebase:firebase-auth:21.0.1] AndroidManifest.xml:40:21-49
88                    android:path="/"
88-->[com.google.firebase:firebase-auth:21.0.1] AndroidManifest.xml:41:21-37
89                    android:scheme="genericidp" />
89-->[com.google.firebase:firebase-auth:21.0.1] AndroidManifest.xml:42:21-48
90            </intent-filter>
91        </activity>
92        <activity
92-->[com.google.firebase:firebase-auth:21.0.1] AndroidManifest.xml:45:9-62:20
93            android:name="com.google.firebase.auth.internal.RecaptchaActivity"
93-->[com.google.firebase:firebase-auth:21.0.1] AndroidManifest.xml:46:13-79
94            android:excludeFromRecents="true"
94-->[com.google.firebase:firebase-auth:21.0.1] AndroidManifest.xml:47:13-46
95            android:exported="true"
95-->[com.google.firebase:firebase-auth:21.0.1] AndroidManifest.xml:48:13-36
96            android:launchMode="singleTask"
96-->[com.google.firebase:firebase-auth:21.0.1] AndroidManifest.xml:49:13-44
97            android:theme="@android:style/Theme.Translucent.NoTitleBar" >
97-->[com.google.firebase:firebase-auth:21.0.1] AndroidManifest.xml:50:13-72
98            <intent-filter>
98-->[com.google.firebase:firebase-auth:21.0.1] AndroidManifest.xml:51:13-61:29
99                <action android:name="android.intent.action.VIEW" />
99-->[com.google.firebase:firebase-auth:21.0.1] AndroidManifest.xml:34:17-69
99-->[com.google.firebase:firebase-auth:21.0.1] AndroidManifest.xml:34:25-66
100
101                <category android:name="android.intent.category.DEFAULT" />
101-->[com.google.firebase:firebase-auth:21.0.1] AndroidManifest.xml:36:17-76
101-->[com.google.firebase:firebase-auth:21.0.1] AndroidManifest.xml:36:27-73
102                <category android:name="android.intent.category.BROWSABLE" />
102-->[com.google.firebase:firebase-auth:21.0.1] AndroidManifest.xml:37:17-78
102-->[com.google.firebase:firebase-auth:21.0.1] AndroidManifest.xml:37:27-75
103
104                <data
104-->[com.google.firebase:firebase-auth:21.0.1] AndroidManifest.xml:39:17-42:51
105                    android:host="firebase.auth"
105-->[com.google.firebase:firebase-auth:21.0.1] AndroidManifest.xml:40:21-49
106                    android:path="/"
106-->[com.google.firebase:firebase-auth:21.0.1] AndroidManifest.xml:41:21-37
107                    android:scheme="recaptcha" />
107-->[com.google.firebase:firebase-auth:21.0.1] AndroidManifest.xml:42:21-48
108            </intent-filter>
109        </activity>
110
111        <service
111-->[com.google.firebase:firebase-auth:21.0.1] AndroidManifest.xml:64:9-73:19
112            android:name="com.google.firebase.auth.api.fallback.service.FirebaseAuthFallbackService"
112-->[com.google.firebase:firebase-auth:21.0.1] AndroidManifest.xml:65:13-101
113            android:enabled="true"
113-->[com.google.firebase:firebase-auth:21.0.1] AndroidManifest.xml:66:13-35
114            android:exported="false" >
114-->[com.google.firebase:firebase-auth:21.0.1] AndroidManifest.xml:67:13-37
115            <intent-filter>
115-->[com.google.firebase:firebase-auth:21.0.1] AndroidManifest.xml:68:13-72:29
116                <action android:name="com.google.firebase.auth.api.gms.service.START" />
116-->[com.google.firebase:firebase-auth:21.0.1] AndroidManifest.xml:69:17-89
116-->[com.google.firebase:firebase-auth:21.0.1] AndroidManifest.xml:69:25-86
117
118                <category android:name="android.intent.category.DEFAULT" />
118-->[com.google.firebase:firebase-auth:21.0.1] AndroidManifest.xml:36:17-76
118-->[com.google.firebase:firebase-auth:21.0.1] AndroidManifest.xml:36:27-73
119            </intent-filter>
120        </service>
121
122        <provider
122-->[com.google.firebase:firebase-common:20.0.0] AndroidManifest.xml:26:9-31:39
123            android:name="com.google.firebase.provider.FirebaseInitProvider"
123-->[com.google.firebase:firebase-common:20.0.0] AndroidManifest.xml:27:13-77
124            android:authorities="com.eczanem_nerede.firebaseinitprovider"
124-->[com.google.firebase:firebase-common:20.0.0] AndroidManifest.xml:28:13-72
125            android:directBootAware="true"
125-->[com.google.firebase:firebase-common:20.0.0] AndroidManifest.xml:29:13-43
126            android:exported="false"
126-->[com.google.firebase:firebase-common:20.0.0] AndroidManifest.xml:30:13-37
127            android:initOrder="100" />
127-->[com.google.firebase:firebase-common:20.0.0] AndroidManifest.xml:31:13-36
128
129        <activity
129-->[com.google.android.gms:play-services-auth:19.2.0] AndroidManifest.xml:23:9-27:75
130            android:name="com.google.android.gms.auth.api.signin.internal.SignInHubActivity"
130-->[com.google.android.gms:play-services-auth:19.2.0] AndroidManifest.xml:24:13-93
131            android:excludeFromRecents="true"
131-->[com.google.android.gms:play-services-auth:19.2.0] AndroidManifest.xml:25:13-46
132            android:exported="false"
132-->[com.google.android.gms:play-services-auth:19.2.0] AndroidManifest.xml:26:13-37
133            android:theme="@android:style/Theme.Translucent.NoTitleBar" />
133-->[com.google.android.gms:play-services-auth:19.2.0] AndroidManifest.xml:27:13-72
134        <!--
135            Service handling Google Sign-In user revocation. For apps that do not integrate with
136            Google Sign-In, this service will never be started.
137        -->
138        <service
138-->[com.google.android.gms:play-services-auth:19.2.0] AndroidManifest.xml:33:9-37:51
139            android:name="com.google.android.gms.auth.api.signin.RevocationBoundService"
139-->[com.google.android.gms:play-services-auth:19.2.0] AndroidManifest.xml:34:13-89
140            android:exported="true"
140-->[com.google.android.gms:play-services-auth:19.2.0] AndroidManifest.xml:35:13-36
141            android:permission="com.google.android.gms.auth.api.signin.permission.REVOCATION_NOTIFICATION"
141-->[com.google.android.gms:play-services-auth:19.2.0] AndroidManifest.xml:36:13-107
142            android:visibleToInstantApps="true" />
142-->[com.google.android.gms:play-services-auth:19.2.0] AndroidManifest.xml:37:13-48
143
144        <activity
144-->[com.google.android.gms:play-services-base:17.5.0] AndroidManifest.xml:23:9-26:75
145            android:name="com.google.android.gms.common.api.GoogleApiActivity"
145-->[com.google.android.gms:play-services-base:17.5.0] AndroidManifest.xml:24:13-79
146            android:exported="false"
146-->[com.google.android.gms:play-services-base:17.5.0] AndroidManifest.xml:25:13-37
147            android:theme="@android:style/Theme.Translucent.NoTitleBar" />
147-->[com.google.android.gms:play-services-base:17.5.0] AndroidManifest.xml:26:13-72
148
149        <meta-data
149-->[com.google.android.gms:play-services-basement:17.5.0] AndroidManifest.xml:23:9-25:69
150            android:name="com.google.android.gms.version"
150-->[com.google.android.gms:play-services-basement:17.5.0] AndroidManifest.xml:24:13-58
151            android:value="@integer/google_play_services_version" />
151-->[com.google.android.gms:play-services-basement:17.5.0] AndroidManifest.xml:25:13-66
152    </application>
153
154</manifest>